2018-06-28 19:12:27,796 DEBUG (BaseJdbcLogger.java:159)- <==      Total: 29
2018-06-28 19:12:27,797 DEBUG (BaseJdbcLogger.java:159)- ==>  Preparing: select * from city where first_spell=? 
2018-06-28 19:12:27,798 DEBUG (BaseJdbcLogger.java:159)- ==> Parameters: O(String)
2018-06-28 19:12:27,798 DEBUG (BaseJdbcLogger.java:159)- <==      Total: 0
2018-06-28 19:12:27,799 DEBUG (BaseJdbcLogger.java:159)- ==>  Preparing: select * from city where first_spell=? 
2018-06-28 19:12:27,800 DEBUG (BaseJdbcLogger.java:159)- ==> Parameters: P(String)
2018-06-28 19:12:27,803 DEBUG (BaseJdbcLogger.java:159)- <==      Total: 34
2018-06-28 19:12:27,803 DEBUG (BaseJdbcLogger.java:159)- ==>  Preparing: select * from city where first_spell=? 
2018-06-28 19:12:27,804 DEBUG (BaseJdbcLogger.java:159)- ==> Parameters: Q(String)
2018-06-28 19:12:27,805 DEBUG (BaseJdbcLogger.java:159)- <==      Total: 36
2018-06-28 19:12:27,806 DEBUG (BaseJdbcLogger.java:159)- ==>  Preparing: select * from city where first_spell=? 
2018-06-28 19:12:27,806 DEBUG (BaseJdbcLogger.java:159)- ==> Parameters: R(String)
2018-06-28 19:12:27,808 DEBUG (BaseJdbcLogger.java:159)- <==      Total: 16
2018-06-28 19:12:27,809 DEBUG (BaseJdbcLogger.java:159)- ==>  Preparing: select * from city where first_spell=? 
2018-06-28 19:12:27,809 DEBUG (BaseJdbcLogger.java:159)- ==> Parameters: S(String)
2018-06-28 19:12:27,812 DEBUG (BaseJdbcLogger.java:159)- <==      Total: 80
2018-06-28 19:12:27,813 DEBUG (BaseJdbcLogger.java:159)- ==>  Preparing: select * from city where first_spell=? 
2018-06-28 19:12:27,813 DEBUG (BaseJdbcLogger.java:159)- ==> Parameters: T(String)
2018-06-28 19:12:27,815 DEBUG (BaseJdbcLogger.java:159)- <==      Total: 38
2018-06-28 19:12:27,816 DEBUG (BaseJdbcLogger.java:159)- ==>  Preparing: select * from city where first_spell=? 
2018-06-28 19:12:27,817 DEBUG (BaseJdbcLogger.java:159)- ==> Parameters: U(String)
2018-06-28 19:12:27,817 DEBUG (BaseJdbcLogger.java:159)- <==      Total: 0
2018-06-28 19:12:27,818 DEBUG (BaseJdbcLogger.java:159)- ==>  Preparing: select * from city where first_spell=? 
2018-06-28 19:12:27,818 DEBUG (BaseJdbcLogger.java:159)- ==> Parameters: V(String)
2018-06-28 19:12:27,819 DEBUG (BaseJdbcLogger.java:159)- <==      Total: 0
2018-06-28 19:12:27,820 DEBUG (BaseJdbcLogger.java:159)- ==>  Preparing: select * from city where first_spell=? 
2018-06-28 19:12:27,820 DEBUG (BaseJdbcLogger.java:159)- ==> Parameters: W(String)
2018-06-28 19:12:27,821 DEBUG (BaseJdbcLogger.java:159)- <==      Total: 49
2018-06-28 19:12:27,822 DEBUG (BaseJdbcLogger.java:159)- ==>  Preparing: select * from city where first_spell=? 
2018-06-28 19:12:27,822 DEBUG (BaseJdbcLogger.java:159)- ==> Parameters: X(String)
2018-06-28 19:12:27,823 DEBUG (BaseJdbcLogger.java:159)- <==      Total: 60
2018-06-28 19:12:27,824 DEBUG (BaseJdbcLogger.java:159)- ==>  Preparing: select * from city where first_spell=? 
2018-06-28 19:12:27,824 DEBUG (BaseJdbcLogger.java:159)- ==> Parameters: Y(String)
2018-06-28 19:12:27,826 DEBUG (BaseJdbcLogger.java:159)- <==      Total: 85
2018-06-28 19:12:27,827 DEBUG (BaseJdbcLogger.java:159)- ==>  Preparing: select * from city where first_spell=? 
2018-06-28 19:12:27,827 DEBUG (BaseJdbcLogger.java:159)- ==> Parameters: Z(String)
2018-06-28 19:12:27,829 DEBUG (BaseJdbcLogger.java:159)- <==      Total: 46
