2018-06-28 16:54:23,368 DEBUG (BaseJdbcLogger.java:159)- ==> Parameters: R(String)
2018-06-28 16:54:23,370 DEBUG (BaseJdbcLogger.java:159)- <==      Total: 16
2018-06-28 16:54:23,370 DEBUG (BaseJdbcLogger.java:159)- ==>  Preparing: select * from city where first_spell=? 
2018-06-28 16:54:23,371 DEBUG (BaseJdbcLogger.java:159)- ==> Parameters: S(String)
2018-06-28 16:54:23,373 DEBUG (BaseJdbcLogger.java:159)- <==      Total: 80
2018-06-28 16:54:23,374 DEBUG (BaseJdbcLogger.java:159)- ==>  Preparing: select * from city where first_spell=? 
2018-06-28 16:54:23,375 DEBUG (BaseJdbcLogger.java:159)- ==> Parameters: T(String)
2018-06-28 16:54:23,377 DEBUG (BaseJdbcLogger.java:159)- <==      Total: 38
2018-06-28 16:54:23,377 DEBUG (BaseJdbcLogger.java:159)- ==>  Preparing: select * from city where first_spell=? 
2018-06-28 16:54:23,378 DEBUG (BaseJdbcLogger.java:159)- ==> Parameters: U(String)
2018-06-28 16:54:23,379 DEBUG (BaseJdbcLogger.java:159)- <==      Total: 0
2018-06-28 16:54:23,380 DEBUG (BaseJdbcLogger.java:159)- ==>  Preparing: select * from city where first_spell=? 
2018-06-28 16:54:23,380 DEBUG (BaseJdbcLogger.java:159)- ==> Parameters: V(String)
2018-06-28 16:54:23,381 DEBUG (BaseJdbcLogger.java:159)- <==      Total: 0
2018-06-28 16:54:23,382 DEBUG (BaseJdbcLogger.java:159)- ==>  Preparing: select * from city where first_spell=? 
2018-06-28 16:54:23,382 DEBUG (BaseJdbcLogger.java:159)- ==> Parameters: W(String)
2018-06-28 16:54:23,384 DEBUG (BaseJdbcLogger.java:159)- <==      Total: 49
2018-06-28 16:54:23,385 DEBUG (BaseJdbcLogger.java:159)- ==>  Preparing: select * from city where first_spell=? 
2018-06-28 16:54:23,386 DEBUG (BaseJdbcLogger.java:159)- ==> Parameters: X(String)
2018-06-28 16:54:23,388 DEBUG (BaseJdbcLogger.java:159)- <==      Total: 60
2018-06-28 16:54:23,389 DEBUG (BaseJdbcLogger.java:159)- ==>  Preparing: select * from city where first_spell=? 
2018-06-28 16:54:23,389 DEBUG (BaseJdbcLogger.java:159)- ==> Parameters: Y(String)
2018-06-28 16:54:23,391 DEBUG (BaseJdbcLogger.java:159)- <==      Total: 85
2018-06-28 16:54:23,392 DEBUG (BaseJdbcLogger.java:159)- ==>  Preparing: select * from city where first_spell=? 
2018-06-28 16:54:23,392 DEBUG (BaseJdbcLogger.java:159)- ==> Parameters: Z(String)
2018-06-28 16:54:23,394 DEBUG (BaseJdbcLogger.java:159)- <==      Total: 46
